<?xml version="1.0" encoding="UTF-8"?>
<testng-results skipped="0" failed="0" ignored="0" total="1" passed="1">
  <reporter-output>
  </reporter-output>
  <suite name="Default suite" duration-ms="1818" started-at="2020-09-24T18:27:56Z" finished-at="2020-09-24T18:27:58Z">
    <groups>
    </groups>
    <test name="Default test" duration-ms="1818" started-at="2020-09-24T18:27:56Z" finished-at="2020-09-24T18:27:58Z">
      <class name="excel.ReadData">
        <test-method status="PASS" signature="readData()[pri:0, instance:excel.ReadData@458c1321]" name="readData" duration-ms="1685" started-at="2020-09-24T18:27:56Z" finished-at="2020-09-24T18:27:58Z">
          <reporter-output>
          </reporter-output>
        </test-method> <!-- readData -->
      </class> <!-- excel.ReadData -->
    </test> <!-- Default test -->
  </suite> <!-- Default suite -->
</testng-results>
